This is pdfTeX, Version 3.141592653-2.6-1.40.26 (TeX Live 2024) (preloaded format=pdflatex 2024.5.30)  17 JUL 2026 11:51
entering extended mode
 restricted \write18 enabled.
 file:line:error style messages enabled.
 %&-line parsing enabled.
**/Users/tobynguyen/Documents/Honours_2026/Journal_Club/JournalClub_T2/JC_Pres.tex
(/Users/tobynguyen/Documents/Honours_2026/Journal_Club/JournalClub_T2/JC_Pres.tex
LaTeX2e <2023-11-01> patch level 1
L3 programming layer <2024-02-20>
(/usr/local/texlive/2024/texmf-dist/tex/latex/beamer/beamer.cls
Document Class: beamer 2024/01/06 v3.71 A class for typesetting presentations
(/usr/local/texlive/2024/texmf-dist/tex/latex/beamer/beamerbasemodes.sty (/usr/local/texlive/2024/texmf-dist/tex/latex/etoolbox/etoolbox.sty
Package: etoolbox 2020/10/05 v2.5k e-TeX tools for LaTeX (JAW)
\etb@tempcnta=\count188
)
\beamer@tempbox=\box51
\beamer@tempcount=\count189
\c@beamerpauses=\count190
 (/usr/local/texlive/2024/texmf-dist/tex/latex/beamer/beamerbasedecode.sty
\beamer@slideinframe=\count191
\beamer@minimum=\count192
\beamer@decode@box=\box52
)
\beamer@commentbox=\box53
\beamer@modecount=\count193
) (/usr/local/texlive/2024/texmf-dist/tex/generic/iftex/iftex.sty
Package: iftex 2022/02/03 v1.0f TeX engine tests
)
\headdp=\dimen140
\footheight=\dimen141
\sidebarheight=\dimen142
\beamer@tempdim=\dimen143
\beamer@finalheight=\dimen144
\beamer@animht=\dimen145
\beamer@animdp=\dimen146
\beamer@animwd=\dimen147
\beamer@leftmargin=\dimen148
\beamer@rightmargin=\dimen149
\beamer@leftsidebar=\dimen150
\beamer@rightsidebar=\dimen151
\beamer@boxsize=\dimen152
\beamer@vboxoffset=\dimen153
\beamer@descdefault=\dimen154
\beamer@descriptionwidth=\dimen155
\beamer@lastskip=\skip48
\beamer@areabox=\box54
\beamer@animcurrent=\box55
\beamer@animshowbox=\box56
\beamer@sectionbox=\box57
\beamer@logobox=\box58
\beamer@linebox=\box59
\beamer@sectioncount=\count194
\beamer@subsubsectionmax=\count195
\beamer@subsectionmax=\count196
\beamer@sectionmax=\count197
\beamer@totalheads=\count198
\beamer@headcounter=\count199
\beamer@partstartpage=\count266
\beamer@sectionstartpage=\count267
\beamer@subsectionstartpage=\count268
\beamer@animationtempa=\count269
\beamer@animationtempb=\count270
\beamer@xpos=\count271
\beamer@ypos=\count272
\beamer@ypos@offset=\count273
\beamer@showpartnumber=\count274
\beamer@currentsubsection=\count275
\beamer@coveringdepth=\count276
\beamer@sectionadjust=\count277
\beamer@toclastsection=\count278
\beamer@tocsectionnumber=\count279
 (/usr/local/texlive/2024/texmf-dist/tex/latex/beamer/beamerbaseoptions.sty (/usr/local/texlive/2024/texmf-dist/tex/latex/graphics/keyval.sty
Package: keyval 2022/05/29 v1.15 key=value parser (DPC)
\KV@toks@=\toks17
))
\beamer@paperwidth=\skip49
\beamer@paperheight=\skip50
 (/usr/local/texlive/2024/texmf-dist/tex/latex/geometry/geometry.sty
Package: geometry 2020/01/02 v5.9 Page Geometry
 (/usr/local/texlive/2024/texmf-dist/tex/generic/iftex/ifvtex.sty
Package: ifvtex 2019/10/25 v1.7 ifvtex legacy package. Use iftex instead.
)
\Gm@cnth=\count280
\Gm@cntv=\count281
\c@Gm@tempcnt=\count282
\Gm@bindingoffset=\dimen156
\Gm@wd@mp=\dimen157
\Gm@odd@mp=\dimen158
\Gm@even@mp=\dimen159
\Gm@layoutwidth=\dimen160
\Gm@layoutheight=\dimen161
\Gm@layouthoffset=\dimen162
\Gm@layoutvoffset=\dimen163
\Gm@dimlist=\toks18
) (/usr/local/texlive/2024/texmf-dist/tex/latex/pgf/math/pgfmath.sty (/usr/local/texlive/2024/texmf-dist/tex/latex/pgf/utilities/pgfrcs.sty (/usr/local/texlive/2024/texmf-dist/tex/generic/pgf/utilities/pgfutil-common.tex
\pgfutil@everybye=\toks19
\pgfutil@tempdima=\dimen164
\pgfutil@tempdimb=\dimen165
) (/usr/local/texlive/2024/texmf-dist/tex/generic/pgf/utilities/pgfutil-latex.def
\pgfutil@abb=\box60
) (/usr/local/texlive/2024/texmf-dist/tex/generic/pgf/utilities/pgfrcs.code.tex (/usr/local/texlive/2024/texmf-dist/tex/generic/pgf/pgf.revision.tex)
Package: pgfrcs 2023-01-15 v3.1.10 (3.1.10)
)) (/usr/local/texlive/2024/texmf-dist/tex/latex/pgf/utilities/pgfkeys.sty (/usr/local/texlive/2024/texmf-dist/tex/generic/pgf/utilities/pgfkeys.code.tex
\pgfkeys@pathtoks=\toks20
\pgfkeys@temptoks=\toks21
 (/usr/local/texlive/2024/texmf-dist/tex/generic/pgf/utilities/pgfkeyslibraryfiltered.code.tex
\pgfkeys@tmptoks=\toks22
))) (/usr/local/texlive/2024/texmf-dist/tex/generic/pgf/math/pgfmath.code.tex (/usr/local/texlive/2024/texmf-dist/tex/generic/pgf/math/pgfmathutil.code.tex
\pgf@x=\dimen166
\pgf@xa=\dimen167
\pgf@xb=\dimen168
\pgf@xc=\dimen169
\pgf@y=\dimen170
\pgf@ya=\dimen171
\pgf@yb=\dimen172
\pgf@yc=\dimen173
\c@pgf@counta=\count283
\c@pgf@countb=\count284
\c@pgf@countc=\count285
\c@pgf@countd=\count286
) (/usr/local/texlive/2024/texmf-dist/tex/generic/pgf/math/pgfmathparser.code.tex
\pgfmath@dimen=\dimen174
\pgfmath@count=\count287
\pgfmath@box=\box61
\pgfmath@toks=\toks23
\pgfmath@stack@operand=\toks24
\pgfmath@stack@operation=\toks25
) (/usr/local/texlive/2024/texmf-dist/tex/generic/pgf/math/pgfmathfunctions.code.tex) (/usr/local/texlive/2024/texmf-dist/tex/generic/pgf/math/pgfmathfunctions.basic.code.tex) (/usr/local/texlive/2024/texmf-dist/tex/generic/pgf/math/pgfmathfunctions.trigonometric.code.tex) (/usr/local/texlive/2024/texmf-dist/tex/generic/pgf/math/pgfmathfunctions.random.code.tex) (/usr/local/texlive/2024/texmf-dist/tex/generic/pgf/math/pgfmathfunctions.comparison.code.tex) (/usr/local/texlive/2024/texmf-dist/tex/generic/pgf/math/pgfmathfunctions.base.code.tex) (/usr/local/texlive/2024/texmf-dist/tex/generic/pgf/math/pgfmathfunctions.round.code.tex) (/usr/local/texlive/2024/texmf-dist/tex/generic/pgf/math/pgfmathfunctions.misc.code.tex) (/usr/local/texlive/2024/texmf-dist/tex/generic/pgf/math/pgfmathfunctions.integerarithmetics.code.tex) (/usr/local/texlive/2024/texmf-dist/tex/generic/pgf/math/pgfmathcalc.code.tex) (/usr/local/texlive/2024/texmf-dist/tex/generic/pgf/math/pgfmathfloat.code.tex
\c@pgfmathroundto@lastzeros=\count288
))) (/usr/local/texlive/2024/texmf-dist/tex/latex/base/size11.clo
File: size11.clo 2023/05/17 v1.4n Standard LaTeX file (size option)
) (/usr/local/texlive/2024/texmf-dist/tex/latex/pgf/basiclayer/pgfcore.sty (/usr/local/texlive/2024/texmf-dist/tex/latex/graphics/graphicx.sty
Package: graphicx 2021/09/16 v1.2d Enhanced LaTeX Graphics (DPC,SPQR)
 (/usr/local/texlive/2024/texmf-dist/tex/latex/graphics/graphics.sty
Package: graphics 2022/03/10 v1.4e Standard LaTeX Graphics (DPC,SPQR)
 (/usr/local/texlive/2024/texmf-dist/tex/latex/graphics/trig.sty
Package: trig 2021/08/11 v1.11 sin cos tan (DPC)
) (/usr/local/texlive/2024/texmf-dist/tex/latex/graphics-cfg/graphics.cfg
File: graphics.cfg 2016/06/04 v1.11 sample graphics configuration
)
Package graphics Info: Driver file: pdftex.def on input line 107.
 (/usr/local/texlive/2024/texmf-dist/tex/latex/graphics-def/pdftex.def
File: pdftex.def 2022/09/22 v1.2b Graphics/color driver for pdftex
))
\Gin@req@height=\dimen175
\Gin@req@width=\dimen176
) (/usr/local/texlive/2024/texmf-dist/tex/latex/pgf/systemlayer/pgfsys.sty (/usr/local/texlive/2024/texmf-dist/tex/generic/pgf/systemlayer/pgfsys.code.tex
Package: pgfsys 2023-01-15 v3.1.10 (3.1.10)
\pgf@x=\dimen177
\pgf@y=\dimen178
\pgf@xa=\dimen179
\pgf@ya=\dimen180
\pgf@xb=\dimen181
\pgf@yb=\dimen182
\pgf@xc=\dimen183
\pgf@yc=\dimen184
\pgf@xd=\dimen185
\pgf@yd=\dimen186
\w@pgf@writea=\write3
\r@pgf@reada=\read2
\c@pgf@counta=\count289
\c@pgf@countb=\count290
\c@pgf@countc=\count291
\c@pgf@countd=\count292
\t@pgf@toka=\toks26
\t@pgf@tokb=\toks27
\t@pgf@tokc=\toks28
\pgf@sys@id@count=\count293
 (/usr/local/texlive/2024/texmf-dist/tex/generic/pgf/systemlayer/pgf.cfg
File: pgf.cfg 2023-01-15 v3.1.10 (3.1.10)
)
Driver file for pgf: pgfsys-pdftex.def
 (/usr/local/texlive/2024/texmf-dist/tex/generic/pgf/systemlayer/pgfsys-pdftex.def
File: pgfsys-pdftex.def 2023-01-15 v3.1.10 (3.1.10)
 (/usr/local/texlive/2024/texmf-dist/tex/generic/pgf/systemlayer/pgfsys-common-pdf.def
File: pgfsys-common-pdf.def 2023-01-15 v3.1.10 (3.1.10)
))) (/usr/local/texlive/2024/texmf-dist/tex/generic/pgf/systemlayer/pgfsyssoftpath.code.tex
File: pgfsyssoftpath.code.tex 2023-01-15 v3.1.10 (3.1.10)
\pgfsyssoftpath@smallbuffer@items=\count294
\pgfsyssoftpath@bigbuffer@items=\count295
) (/usr/local/texlive/2024/texmf-dist/tex/generic/pgf/systemlayer/pgfsysprotocol.code.tex
File: pgfsysprotocol.code.tex 2023-01-15 v3.1.10 (3.1.10)
)) (/usr/local/texlive/2024/texmf-dist/tex/latex/xcolor/xcolor.sty
Package: xcolor 2023/11/15 v3.01 LaTeX color extensions (UK)
 (/usr/local/texlive/2024/texmf-dist/tex/latex/graphics-cfg/color.cfg
File: color.cfg 2016/01/02 v1.6 sample color configuration
)
Package xcolor Info: Driver file: pdftex.def on input line 274.
 (/usr/local/texlive/2024/texmf-dist/tex/latex/graphics/mathcolor.ltx)
Package xcolor Info: Model `cmy' substituted by `cmy0' on input line 1350.
Package xcolor Info: Model `hsb' substituted by `rgb' on input line 1354.
Package xcolor Info: Model `RGB' extended on input line 1366.
Package xcolor Info: Model `HTML' substituted by `rgb' on input line 1368.
Package xcolor Info: Model `Hsb' substituted by `hsb' on input line 1369.
Package xcolor Info: Model `tHsb' substituted by `hsb' on input line 1370.
Package xcolor Info: Model `HSB' substituted by `hsb' on input line 1371.
Package xcolor Info: Model `Gray' substituted by `gray' on input line 1372.
Package xcolor Info: Model `wave' substituted by `hsb' on input line 1373.
) (/usr/local/texlive/2024/texmf-dist/tex/generic/pgf/basiclayer/pgfcore.code.tex
Package: pgfcore 2023-01-15 v3.1.10 (3.1.10)
 (/usr/local/texlive/2024/texmf-dist/tex/generic/pgf/math/pgfint.code.tex) (/usr/local/texlive/2024/texmf-dist/tex/generic/pgf/basiclayer/pgfcorepoints.code.tex
File: pgfcorepoints.code.tex 2023-01-15 v3.1.10 (3.1.10)
\pgf@picminx=\dimen187
\pgf@picmaxx=\dimen188
\pgf@picminy=\dimen189
\pgf@picmaxy=\dimen190
\pgf@pathminx=\dimen191
\pgf@pathmaxx=\dimen192
\pgf@pathminy=\dimen193
\pgf@pathmaxy=\dimen194
\pgf@xx=\dimen195
\pgf@xy=\dimen196
\pgf@yx=\dimen197
\pgf@yy=\dimen198
\pgf@zx=\dimen199
\pgf@zy=\dimen256
) (/usr/local/texlive/2024/texmf-dist/tex/generic/pgf/basiclayer/pgfcorepathconstruct.code.tex
File: pgfcorepathconstruct.code.tex 2023-01-15 v3.1.10 (3.1.10)
\pgf@path@lastx=\dimen257
\pgf@path@lasty=\dimen258
) (/usr/local/texlive/2024/texmf-dist/tex/generic/pgf/basiclayer/pgfcorepathusage.code.tex
File: pgfcorepathusage.code.tex 2023-01-15 v3.1.10 (3.1.10)
\pgf@shorten@end@additional=\dimen259
\pgf@shorten@start@additional=\dimen260
) (/usr/local/texlive/2024/texmf-dist/tex/generic/pgf/basiclayer/pgfcorescopes.code.tex
File: pgfcorescopes.code.tex 2023-01-15 v3.1.10 (3.1.10)
\pgfpic=\box62
\pgf@hbox=\box63
\pgf@layerbox@main=\box64
\pgf@picture@serial@count=\count296
) (/usr/local/texlive/2024/texmf-dist/tex/generic/pgf/basiclayer/pgfcoregraphicstate.code.tex
File: pgfcoregraphicstate.code.tex 2023-01-15 v3.1.10 (3.1.10)
\pgflinewidth=\dimen261
) (/usr/local/texlive/2024/texmf-dist/tex/generic/pgf/basiclayer/pgfcoretransformations.code.tex
File: pgfcoretransformations.code.tex 2023-01-15 v3.1.10 (3.1.10)
\pgf@pt@x=\dimen262
\pgf@pt@y=\dimen263
\pgf@pt@temp=\dimen264
) (/usr/local/texlive/2024/texmf-dist/tex/generic/pgf/basiclayer/pgfcorequick.code.tex
File: pgfcorequick.code.tex 2023-01-15 v3.1.10 (3.1.10)
) (/usr/local/texlive/2024/texmf-dist/tex/generic/pgf/basiclayer/pgfcoreobjects.code.tex
File: pgfcoreobjects.code.tex 2023-01-15 v3.1.10 (3.1.10)
) (/usr/local/texlive/2024/texmf-dist/tex/generic/pgf/basiclayer/pgfcorepathprocessing.code.tex
File: pgfcorepathprocessing.code.tex 2023-01-15 v3.1.10 (3.1.10)
) (/usr/local/texlive/2024/texmf-dist/tex/generic/pgf/basiclayer/pgfcorearrows.code.tex
File: pgfcorearrows.code.tex 2023-01-15 v3.1.10 (3.1.10)
\pgfarrowsep=\dimen265
) (/usr/local/texlive/2024/texmf-dist/tex/generic/pgf/basiclayer/pgfcoreshade.code.tex
File: pgfcoreshade.code.tex 2023-01-15 v3.1.10 (3.1.10)
\pgf@max=\dimen266
\pgf@sys@shading@range@num=\count297
\pgf@shadingcount=\count298
) (/usr/local/texlive/2024/texmf-dist/tex/generic/pgf/basiclayer/pgfcoreimage.code.tex
File: pgfcoreimage.code.tex 2023-01-15 v3.1.10 (3.1.10)
) (/usr/local/texlive/2024/texmf-dist/tex/generic/pgf/basiclayer/pgfcoreexternal.code.tex
File: pgfcoreexternal.code.tex 2023-01-15 v3.1.10 (3.1.10)
\pgfexternal@startupbox=\box65
) (/usr/local/texlive/2024/texmf-dist/tex/generic/pgf/basiclayer/pgfcorelayers.code.tex
File: pgfcorelayers.code.tex 2023-01-15 v3.1.10 (3.1.10)
) (/usr/local/texlive/2024/texmf-dist/tex/generic/pgf/basiclayer/pgfcoretransparency.code.tex
File: pgfcoretransparency.code.tex 2023-01-15 v3.1.10 (3.1.10)
) (/usr/local/texlive/2024/texmf-dist/tex/generic/pgf/basiclayer/pgfcorepatterns.code.tex
File: pgfcorepatterns.code.tex 2023-01-15 v3.1.10 (3.1.10)
) (/usr/local/texlive/2024/texmf-dist/tex/generic/pgf/basiclayer/pgfcorerdf.code.tex
File: pgfcorerdf.code.tex 2023-01-15 v3.1.10 (3.1.10)
))) (/usr/local/texlive/2024/texmf-dist/tex/latex/pgf/utilities/xxcolor.sty
Package: xxcolor 2003/10/24 ver 0.1
\XC@nummixins=\count299
\XC@countmixins=\count300
) (/usr/local/texlive/2024/texmf-dist/tex/latex/base/atbegshi-ltx.sty
Package: atbegshi-ltx 2021/01/10 v1.0c Emulation of the original atbegshi
package with kernel methods
) (/usr/local/texlive/2024/texmf-dist/tex/latex/hyperref/hyperref.sty
Package: hyperref 2024-01-20 v7.01h Hypertext links for LaTeX
 (/usr/local/texlive/2024/texmf-dist/tex/latex/kvsetkeys/kvsetkeys.sty
Package: kvsetkeys 2022-10-05 v1.19 Key value parser (HO)
) (/usr/local/texlive/2024/texmf-dist/tex/generic/kvdefinekeys/kvdefinekeys.sty
Package: kvdefinekeys 2019-12-19 v1.6 Define keys (HO)
) (/usr/local/texlive/2024/texmf-dist/tex/generic/pdfescape/pdfescape.sty
Package: pdfescape 2019/12/09 v1.15 Implements pdfTeX's escape features (HO)
 (/usr/local/texlive/2024/texmf-dist/tex/generic/ltxcmds/ltxcmds.sty
Package: ltxcmds 2023-12-04 v1.26 LaTeX kernel commands for general use (HO)
) (/usr/local/texlive/2024/texmf-dist/tex/generic/pdftexcmds/pdftexcmds.sty
Package: pdftexcmds 2020-06-27 v0.33 Utility functions of pdfTeX for LuaTeX (HO)
 (/usr/local/texlive/2024/texmf-dist/tex/generic/infwarerr/infwarerr.sty
Package: infwarerr 2019/12/03 v1.5 Providing info/warning/error messages (HO)
)
Package pdftexcmds Info: \pdf@primitive is available.
Package pdftexcmds Info: \pdf@ifprimitive is available.
Package pdftexcmds Info: \pdfdraftmode found.
)) (/usr/local/texlive/2024/texmf-dist/tex/latex/hycolor/hycolor.sty
Package: hycolor 2020-01-27 v1.10 Color options for hyperref/bookmark (HO)
) (/usr/local/texlive/2024/texmf-dist/tex/latex/auxhook/auxhook.sty
Package: auxhook 2019-12-17 v1.6 Hooks for auxiliary files (HO)
) (/usr/local/texlive/2024/texmf-dist/tex/latex/hyperref/nameref.sty
Package: nameref 2023-11-26 v2.56 Cross-referencing by name of section
 (/usr/local/texlive/2024/texmf-dist/tex/latex/refcount/refcount.sty
Package: refcount 2019/12/15 v3.6 Data extraction from label references (HO)
) (/usr/local/texlive/2024/texmf-dist/tex/generic/gettitlestring/gettitlestring.sty
Package: gettitlestring 2019/12/15 v1.6 Cleanup title references (HO)
 (/usr/local/texlive/2024/texmf-dist/tex/latex/kvoptions/kvoptions.sty
Package: kvoptions 2022-06-15 v3.15 Key value format for package options (HO)
))
\c@section@level=\count301
)
\@linkdim=\dimen267
\Hy@linkcounter=\count302
\Hy@pagecounter=\count303
 (/usr/local/texlive/2024/texmf-dist/tex/latex/hyperref/pd1enc.def
File: pd1enc.def 2024-01-20 v7.01h Hyperref: PDFDocEncoding definition (HO)
Now handling font encoding PD1 ...
... no UTF-8 mapping file for font encoding PD1
) (/usr/local/texlive/2024/texmf-dist/tex/generic/intcalc/intcalc.sty
Package: intcalc 2019/12/15 v1.3 Expandable calculations with integers (HO)
)
\Hy@SavedSpaceFactor=\count304
 (/usr/local/texlive/2024/texmf-dist/tex/latex/hyperref/puenc.def
File: puenc.def 2024-01-20 v7.01h Hyperref: PDF Unicode definition (HO)
Now handling font encoding PU ...
... no UTF-8 mapping file for font encoding PU
)
Package hyperref Info: Option `bookmarks' set `true' on input line 4062.
Package hyperref Info: Option `bookmarksopen' set `true' on input line 4062.
Package hyperref Info: Option `implicit' set `false' on input line 4062.
Package hyperref Info: Hyper figures OFF on input line 4179.
Package hyperref Info: Link nesting OFF on input line 4184.
Package hyperref Info: Hyper index ON on input line 4187.
Package hyperref Info: Plain pages OFF on input line 4194.
Package hyperref Info: Backreferencing OFF on input line 4199.
Package hyperref Info: Implicit mode OFF; no redefinition of LaTeX internals.
Package hyperref Info: Bookmarks ON on input line 4446.
\c@Hy@tempcnt=\count305
 (/usr/local/texlive/2024/texmf-dist/tex/latex/url/url.sty
\Urlmuskip=\muskip16
Package: url 2013/09/16  ver 3.4  Verb mode for urls, etc.
)
LaTeX Info: Redefining \url on input line 4784.
\XeTeXLinkMargin=\dimen268
 (/usr/local/texlive/2024/texmf-dist/tex/generic/bitset/bitset.sty
Package: bitset 2019/12/09 v1.3 Handle bit-vector datatype (HO)
 (/usr/local/texlive/2024/texmf-dist/tex/generic/bigintcalc/bigintcalc.sty
Package: bigintcalc 2019/12/15 v1.5 Expandable calculations on big integers (HO)
))
\Fld@menulength=\count306
\Field@Width=\dimen269
\Fld@charsize=\dimen270
Package hyperref Info: Hyper figures OFF on input line 6063.
Package hyperref Info: Link nesting OFF on input line 6068.
Package hyperref Info: Hyper index ON on input line 6071.
Package hyperref Info: backreferencing OFF on input line 6078.
Package hyperref Info: Link coloring OFF on input line 6083.
Package hyperref Info: Link coloring with OCG OFF on input line 6088.
Package hyperref Info: PDF/A mode OFF on input line 6093.
\Hy@abspage=\count307


Package hyperref Message: Stopped early.

)
Package hyperref Info: Driver (autodetected): hpdftex.
 (/usr/local/texlive/2024/texmf-dist/tex/latex/hyperref/hpdftex.def
File: hpdftex.def 2024-01-20 v7.01h Hyperref driver for pdfTeX
 (/usr/local/texlive/2024/texmf-dist/tex/latex/base/atveryend-ltx.sty
Package: atveryend-ltx 2020/08/19 v1.0a Emulation of the original atveryend package
with kernel methods
)
\Fld@listcount=\count308
\c@bookmark@seq@number=\count309
 (/usr/local/texlive/2024/texmf-dist/tex/latex/rerunfilecheck/rerunfilecheck.sty
Package: rerunfilecheck 2022-07-10 v1.10 Rerun checks for auxiliary files (HO)
 (/usr/local/texlive/2024/texmf-dist/tex/generic/uniquecounter/uniquecounter.sty
Package: uniquecounter 2019/12/15 v1.4 Provide unlimited unique counter (HO)
)
Package uniquecounter Info: New unique counter `rerunfilecheck' on input line 285.
)) (/usr/local/texlive/2024/texmf-dist/tex/latex/beamer/beamerbaserequires.sty (/usr/local/texlive/2024/texmf-dist/tex/latex/beamer/beamerbasecompatibility.sty) (/usr/local/texlive/2024/texmf-dist/tex/latex/beamer/beamerbasefont.sty (/usr/local/texlive/2024/texmf-dist/tex/latex/amsfonts/amssymb.sty
Package: amssymb 2013/01/14 v3.01 AMS font symbols
 (/usr/local/texlive/2024/texmf-dist/tex/latex/amsfonts/amsfonts.sty
Package: amsfonts 2013/01/14 v3.01 Basic AMSFonts support
\@emptytoks=\toks29
\symAMSa=\mathgroup4
\symAMSb=\mathgroup5
LaTeX Font Info:    Redeclaring math symbol \hbar on input line 98.
LaTeX Font Info:    Overwriting math alphabet `\mathfrak' in version `bold'
(Font)                  U/euf/m/n --> U/euf/b/n on input line 106.
)) (/usr/local/texlive/2024/texmf-dist/tex/latex/sansmathaccent/sansmathaccent.sty
Package: sansmathaccent 2020/01/31
 (/usr/local/texlive/2024/texmf-dist/tex/latex/koma-script/scrlfile.sty
Package: scrlfile 2023/07/07 v3.41 KOMA-Script package (file load hooks)
 (/usr/local/texlive/2024/texmf-dist/tex/latex/koma-script/scrlfile-hook.sty
Package: scrlfile-hook 2023/07/07 v3.41 KOMA-Script package (using LaTeX hooks)
 (/usr/local/texlive/2024/texmf-dist/tex/latex/koma-script/scrlogo.sty
Package: scrlogo 2023/07/07 v3.41 KOMA-Script package (logo)
))))) (/usr/local/texlive/2024/texmf-dist/tex/latex/beamer/beamerbasetranslator.sty (/usr/local/texlive/2024/texmf-dist/tex/latex/translator/translator.sty
Package: translator 2021-05-31 v1.12d Easy translation of strings in LaTeX
)) (/usr/local/texlive/2024/texmf-dist/tex/latex/beamer/beamerbasemisc.sty) (/usr/local/texlive/2024/texmf-dist/tex/latex/beamer/beamerbasetwoscreens.sty) (/usr/local/texlive/2024/texmf-dist/tex/latex/beamer/beamerbaseoverlay.sty
\beamer@argscount=\count310
\beamer@lastskipcover=\skip51
\beamer@trivlistdepth=\count311
) (/usr/local/texlive/2024/texmf-dist/tex/latex/beamer/beamerbasetitle.sty) (/usr/local/texlive/2024/texmf-dist/tex/latex/beamer/beamerbasesection.sty
\c@lecture=\count312
\c@part=\count313
\c@section=\count314
\c@subsection=\count315
\c@subsubsection=\count316
) (/usr/local/texlive/2024/texmf-dist/tex/latex/beamer/beamerbaseframe.sty
\beamer@framebox=\box66
\beamer@frametitlebox=\box67
\beamer@zoombox=\box68
\beamer@zoomcount=\count317
\beamer@zoomframecount=\count318
\beamer@frametextheight=\dimen271
\c@subsectionslide=\count319
\beamer@frametopskip=\skip52
\beamer@framebottomskip=\skip53
\beamer@frametopskipautobreak=\skip54
\beamer@framebottomskipautobreak=\skip55
\beamer@envbody=\toks30
\framewidth=\dimen272
\c@framenumber=\count320
) (/usr/local/texlive/2024/texmf-dist/tex/latex/beamer/beamerbaseverbatim.sty
\beamer@verbatimfileout=\write4
) (/usr/local/texlive/2024/texmf-dist/tex/latex/beamer/beamerbaseframesize.sty
\beamer@splitbox=\box69
\beamer@autobreakcount=\count321
\beamer@autobreaklastheight=\dimen273
\beamer@frametitletoks=\toks31
\beamer@framesubtitletoks=\toks32
) (/usr/local/texlive/2024/texmf-dist/tex/latex/beamer/beamerbaseframecomponents.sty
\beamer@footins=\box70
) (/usr/local/texlive/2024/texmf-dist/tex/latex/beamer/beamerbasecolor.sty) (/usr/local/texlive/2024/texmf-dist/tex/latex/beamer/beamerbasenotes.sty
\beamer@frameboxcopy=\box71
) (/usr/local/texlive/2024/texmf-dist/tex/latex/beamer/beamerbasetoc.sty) (/usr/local/texlive/2024/texmf-dist/tex/latex/beamer/beamerbasetemplates.sty
\beamer@sbttoks=\toks33
 (/usr/local/texlive/2024/texmf-dist/tex/latex/beamer/beamerbaseauxtemplates.sty (/usr/local/texlive/2024/texmf-dist/tex/latex/beamer/beamerbaseboxes.sty
\bmb@box=\box72
\bmb@colorbox=\box73
\bmb@boxwidth=\dimen274
\bmb@boxheight=\dimen275
\bmb@prevheight=\dimen276
\bmb@temp=\dimen277
\bmb@dima=\dimen278
\bmb@dimb=\dimen279
\bmb@prevheight=\dimen280
)
\beamer@blockheadheight=\dimen281
)) (/usr/local/texlive/2024/texmf-dist/tex/latex/beamer/beamerbaselocalstructure.sty (/usr/local/texlive/2024/texmf-dist/tex/latex/tools/enumerate.sty
Package: enumerate 2023/07/04 v3.00 enumerate extensions (DPC)
\@enLab=\toks34
)
\beamer@bibiconwidth=\skip56
\c@figure=\count322
\c@table=\count323
\abovecaptionskip=\skip57
\belowcaptionskip=\skip58
) (/usr/local/texlive/2024/texmf-dist/tex/latex/beamer/beamerbasenavigation.sty (/usr/local/texlive/2024/texmf-dist/tex/latex/beamer/beamerbasenavigationsymbols.tex)
\beamer@section@min@dim=\dimen282
) (/usr/local/texlive/2024/texmf-dist/tex/latex/beamer/beamerbasetheorems.sty (/usr/local/texlive/2024/texmf-dist/tex/latex/amsmath/amsmath.sty
Package: amsmath 2023/05/13 v2.17o AMS math features
\@mathmargin=\skip59

For additional information on amsmath, use the `?' option.
(/usr/local/texlive/2024/texmf-dist/tex/latex/amsmath/amstext.sty
Package: amstext 2021/08/26 v2.01 AMS text
 (/usr/local/texlive/2024/texmf-dist/tex/latex/amsmath/amsgen.sty
File: amsgen.sty 1999/11/30 v2.0 generic functions
\@emptytoks=\toks35
\ex@=\dimen283
)) (/usr/local/texlive/2024/texmf-dist/tex/latex/amsmath/amsbsy.sty
Package: amsbsy 1999/11/29 v1.2d Bold Symbols
\pmbraise@=\dimen284
) (/usr/local/texlive/2024/texmf-dist/tex/latex/amsmath/amsopn.sty
Package: amsopn 2022/04/08 v2.04 operator names
)
\inf@bad=\count324
LaTeX Info: Redefining \frac on input line 234.
\uproot@=\count325
\leftroot@=\count326
LaTeX Info: Redefining \overline on input line 399.
LaTeX Info: Redefining \colon on input line 410.
\classnum@=\count327
\DOTSCASE@=\count328
LaTeX Info: Redefining \ldots on input line 496.
LaTeX Info: Redefining \dots on input line 499.
LaTeX Info: Redefining \cdots on input line 620.
\Mathstrutbox@=\box74
\strutbox@=\box75
LaTeX Info: Redefining \big on input line 722.
LaTeX Info: Redefining \Big on input line 723.
LaTeX Info: Redefining \bigg on input line 724.
LaTeX Info: Redefining \Bigg on input line 725.
\big@size=\dimen285
LaTeX Font Info:    Redeclaring font encoding OML on input line 743.
LaTeX Font Info:    Redeclaring font encoding OMS on input line 744.
\macc@depth=\count329
LaTeX Info: Redefining \bmod on input line 905.
LaTeX Info: Redefining \pmod on input line 910.
LaTeX Info: Redefining \smash on input line 940.
LaTeX Info: Redefining \relbar on input line 970.
LaTeX Info: Redefining \Relbar on input line 971.
\c@MaxMatrixCols=\count330
\dotsspace@=\muskip17
\c@parentequation=\count331
\dspbrk@lvl=\count332
\tag@help=\toks36
\row@=\count333
\column@=\count334
\maxfields@=\count335
\andhelp@=\toks37
\eqnshift@=\dimen286
\alignsep@=\dimen287
\tagshift@=\dimen288
\tagwidth@=\dimen289
\totwidth@=\dimen290
\lineht@=\dimen291
\@envbody=\toks38
\multlinegap=\skip60
\multlinetaggap=\skip61
\mathdisplay@stack=\toks39
LaTeX Info: Redefining \[ on input line 2953.
LaTeX Info: Redefining \] on input line 2954.
) (/usr/local/texlive/2024/texmf-dist/tex/latex/amscls/amsthm.sty
Package: amsthm 2020/05/29 v2.20.6
\thm@style=\toks40
\thm@bodyfont=\toks41
\thm@headfont=\toks42
\thm@notefont=\toks43
\thm@headpunct=\toks44
\thm@preskip=\skip62
\thm@postskip=\skip63
\thm@headsep=\skip64
\dth@everypar=\toks45
)
\c@theorem=\count336
) (/usr/local/texlive/2024/texmf-dist/tex/latex/beamer/beamerbasethemes.sty)) (/usr/local/texlive/2024/texmf-dist/tex/latex/beamer/beamerthemedefault.sty (/usr/local/texlive/2024/texmf-dist/tex/latex/beamer/beamerfontthemedefault.sty) (/usr/local/texlive/2024/texmf-dist/tex/latex/beamer/beamercolorthemedefault.sty) (/usr/local/texlive/2024/texmf-dist/tex/latex/beamer/beamerinnerthemedefault.sty
\beamer@dima=\dimen292
\beamer@dimb=\dimen293
) (/usr/local/texlive/2024/texmf-dist/tex/latex/beamer/beamerouterthemedefault.sty))) (./beamerthemeunsw.sty (./beamercolorthemeunsw.sty) (./beamerfontthemeunsw.sty (/usr/local/texlive/2024/texmf-dist/tex/latex/psnfss/helvet.sty
Package: helvet 2020/03/25 PSNFSS-v9.3 (WaS) 
)) (./beamerinnerthemeunsw.sty) (./beamerouterthemeunsw.sty (/usr/local/texlive/2024/texmf-dist/tex/latex/pgf/frontendlayer/tikz.sty (/usr/local/texlive/2024/texmf-dist/tex/latex/pgf/basiclayer/pgf.sty
Package: pgf 2023-01-15 v3.1.10 (3.1.10)
 (/usr/local/texlive/2024/texmf-dist/tex/generic/pgf/modules/pgfmoduleshapes.code.tex
File: pgfmoduleshapes.code.tex 2023-01-15 v3.1.10 (3.1.10)
\pgfnodeparttextbox=\box76
) (/usr/local/texlive/2024/texmf-dist/tex/generic/pgf/modules/pgfmoduleplot.code.tex
File: pgfmoduleplot.code.tex 2023-01-15 v3.1.10 (3.1.10)
) (/usr/local/texlive/2024/texmf-dist/tex/latex/pgf/compatibility/pgfcomp-version-0-65.sty
Package: pgfcomp-version-0-65 2023-01-15 v3.1.10 (3.1.10)
\pgf@nodesepstart=\dimen294
\pgf@nodesepend=\dimen295
) (/usr/local/texlive/2024/texmf-dist/tex/latex/pgf/compatibility/pgfcomp-version-1-18.sty
Package: pgfcomp-version-1-18 2023-01-15 v3.1.10 (3.1.10)
)) (/usr/local/texlive/2024/texmf-dist/tex/latex/pgf/utilities/pgffor.sty (/usr/local/texlive/2024/texmf-dist/tex/generic/pgf/utilities/pgffor.code.tex
Package: pgffor 2023-01-15 v3.1.10 (3.1.10)
\pgffor@iter=\dimen296
\pgffor@skip=\dimen297
\pgffor@stack=\toks46
\pgffor@toks=\toks47
)) (/usr/local/texlive/2024/texmf-dist/tex/generic/pgf/frontendlayer/tikz/tikz.code.tex
Package: tikz 2023-01-15 v3.1.10 (3.1.10)
 (/usr/local/texlive/2024/texmf-dist/tex/generic/pgf/libraries/pgflibraryplothandlers.code.tex
File: pgflibraryplothandlers.code.tex 2023-01-15 v3.1.10 (3.1.10)
\pgf@plot@mark@count=\count337
\pgfplotmarksize=\dimen298
)
\tikz@lastx=\dimen299
\tikz@lasty=\dimen300
\tikz@lastxsaved=\dimen301
\tikz@lastysaved=\dimen302
\tikz@lastmovetox=\dimen303
\tikz@lastmovetoy=\dimen304
\tikzleveldistance=\dimen305
\tikzsiblingdistance=\dimen306
\tikz@figbox=\box77
\tikz@figbox@bg=\box78
\tikz@tempbox=\box79
\tikz@tempbox@bg=\box80
\tikztreelevel=\count338
\tikznumberofchildren=\count339
\tikznumberofcurrentchild=\count340
\tikz@fig@count=\count341
 (/usr/local/texlive/2024/texmf-dist/tex/generic/pgf/modules/pgfmodulematrix.code.tex
File: pgfmodulematrix.code.tex 2023-01-15 v3.1.10 (3.1.10)
\pgfmatrixcurrentrow=\count342
\pgfmatrixcurrentcolumn=\count343
\pgf@matrix@numberofcolumns=\count344
)
\tikz@expandcount=\count345
 (/usr/local/texlive/2024/texmf-dist/tex/generic/pgf/frontendlayer/tikz/libraries/tikzlibrarytopaths.code.tex
File: tikzlibrarytopaths.code.tex 2023-01-15 v3.1.10 (3.1.10)
))))) (/usr/local/texlive/2024/texmf-dist/tex/latex/tikz-feynman/tikz-feynman.sty
Package: tikz-feynman 2016/02/05v1.1.0Feynman diagrams with TikZ
 (/usr/local/texlive/2024/texmf-dist/tex/generic/iftex/ifluatex.sty
Package: ifluatex 2019/10/25 v1.5 ifluatex legacy package. Use iftex instead.
) (/usr/local/texlive/2024/texmf-dist/tex/latex/pgfopts/pgfopts.sty
Package: pgfopts 2014/07/10 v2.1a LaTeX package options with pgfkeys
\pgfopts@list@add@a@toks=\toks48
\pgfopts@list@add@b@toks=\toks49
) (/usr/local/texlive/2024/texmf-dist/tex/latex/tikz-feynman/tikzlibraryfeynman.code.tex (/usr/local/texlive/2024/texmf-dist/tex/generic/pgf/libraries/pgflibraryarrows.meta.code.tex
File: pgflibraryarrows.meta.code.tex 2023-01-15 v3.1.10 (3.1.10)
\pgfarrowinset=\dimen307
\pgfarrowlength=\dimen308
\pgfarrowwidth=\dimen309
\pgfarrowlinewidth=\dimen310
) (/usr/local/texlive/2024/texmf-dist/tex/generic/pgf/frontendlayer/tikz/libraries/tikzlibrarycalc.code.tex
File: tikzlibrarycalc.code.tex 2023-01-15 v3.1.10 (3.1.10)
) (/usr/local/texlive/2024/texmf-dist/tex/generic/pgf/frontendlayer/tikz/libraries/tikzlibrarydecorations.code.tex (/usr/local/texlive/2024/texmf-dist/tex/generic/pgf/modules/pgfmoduledecorations.code.tex
\pgfdecoratedcompleteddistance=\dimen311
\pgfdecoratedremainingdistance=\dimen312
\pgfdecoratedinputsegmentcompleteddistance=\dimen313
\pgfdecoratedinputsegmentremainingdistance=\dimen314
\pgf@decorate@distancetomove=\dimen315
\pgf@decorate@repeatstate=\count346
\pgfdecorationsegmentamplitude=\dimen316
\pgfdecorationsegmentlength=\dimen317
)
\tikz@lib@dec@box=\box81
) (/usr/local/texlive/2024/texmf-dist/tex/generic/pgf/frontendlayer/tikz/libraries/tikzlibrarydecorations.markings.code.tex (/usr/local/texlive/2024/texmf-dist/tex/generic/pgf/libraries/decorations/pgflibrarydecorations.markings.code.tex)) (/usr/local/texlive/2024/texmf-dist/tex/generic/pgf/frontendlayer/tikz/libraries/tikzlibrarydecorations.pathmorphing.code.tex (/usr/local/texlive/2024/texmf-dist/tex/generic/pgf/libraries/decorations/pgflibrarydecorations.pathmorphing.code.tex)) (/usr/local/texlive/2024/texmf-dist/tex/generic/pgf/frontendlayer/tikz/libraries/tikzlibrarydecorations.pathreplacing.code.tex (/usr/local/texlive/2024/texmf-dist/tex/generic/pgf/libraries/decorations/pgflibrarydecorations.pathreplacing.code.tex)) (/usr/local/texlive/2024/texmf-dist/tex/generic/pgf/frontendlayer/tikz/libraries/graphs/tikzlibrarygraphs.code.tex
File: tikzlibrarygraphs.code.tex 2023-01-15 v3.1.10 (3.1.10)
\tikz@lib@auto@number=\count347
\tikz@qnode@count=\count348
) (/usr/local/texlive/2024/texmf-dist/tex/generic/pgf/frontendlayer/tikz/libraries/tikzlibrarypatterns.code.tex
File: tikzlibrarypatterns.code.tex 2023-01-15 v3.1.10 (3.1.10)
 (/usr/local/texlive/2024/texmf-dist/tex/generic/pgf/libraries/pgflibrarypatterns.code.tex
File: pgflibrarypatterns.code.tex 2023-01-15 v3.1.10 (3.1.10)
)) (/usr/local/texlive/2024/texmf-dist/tex/generic/pgf/frontendlayer/tikz/libraries/tikzlibrarypositioning.code.tex
File: tikzlibrarypositioning.code.tex 2023-01-15 v3.1.10 (3.1.10)
) (/usr/local/texlive/2024/texmf-dist/tex/generic/pgf/frontendlayer/tikz/libraries/tikzlibraryshapes.geometric.code.tex
File: tikzlibraryshapes.geometric.code.tex 2023-01-15 v3.1.10 (3.1.10)
 (/usr/local/texlive/2024/texmf-dist/tex/generic/pgf/libraries/shapes/pgflibraryshapes.geometric.code.tex
File: pgflibraryshapes.geometric.code.tex 2023-01-15 v3.1.10 (3.1.10)
)) (/usr/local/texlive/2024/texmf-dist/tex/latex/tikz-feynman/tikzfeynman.keys.code.tex))) (/usr/local/texlive/2024/texmf-dist/tex/latex/mhchem/mhchem.sty
Package: mhchem 2024/01/29 v4.10 for typesetting chemical formulae
 (/usr/local/texlive/2024/texmf-dist/tex/latex/l3kernel/expl3.sty
Package: expl3 2024-02-20 L3 programming layer (loader) 
 (/usr/local/texlive/2024/texmf-dist/tex/latex/l3backend/l3backend-pdftex.def
File: l3backend-pdftex.def 2024-02-20 L3 backend support: PDF output (pdfTeX)
\l__color_backend_stack_int=\count349
\l__pdf_internal_box=\box82
)) (/usr/local/texlive/2024/texmf-dist/tex/latex/l3packages/l3keys2e/l3keys2e.sty
Package: l3keys2e 2024-02-18 LaTeX2e option processing using LaTeX3 keys
) (/usr/local/texlive/2024/texmf-dist/tex/latex/tools/calc.sty
Package: calc 2023/07/08 v4.3 Infix arithmetic (KKT,FJ)
\calc@Acount=\count350
\calc@Bcount=\count351
\calc@Adimen=\dimen318
\calc@Bdimen=\dimen319
\calc@Askip=\skip65
\calc@Bskip=\skip66
LaTeX Info: Redefining \setlength on input line 80.
LaTeX Info: Redefining \addtolength on input line 81.
\calc@Ccount=\count352
\calc@Cskip=\skip67
) (/usr/local/texlive/2024/texmf-dist/tex/latex/chemgreek/chemgreek.sty (/usr/local/texlive/2024/texmf-dist/tex/latex/l3packages/xparse/xparse.sty
Package: xparse 2024-02-18 L3 Experimental document command parser
)
Package: chemgreek 2020/01/16 v1.1a interface for upright Greek letters for use in chemistry (CN)
\l__chemgreek_tmpa_int=\count353
\g__chemgreek_tmpa_int=\count354
)
\l__mhchem_ce_distanceFromLastComma_int=\count355
\__mhchem_arrow_extPgfLength_skip=\skip68
\mhchem@minispace@tmp=\skip69
\mhchem@minibackspace@tmp=\skip70
\mhchem@bondwidth=\skip71
\mhchem@bondheight=\skip72
\mhchem@smallbondwidth@tmpA=\skip73
\mhchem@smallbondwidth@tmpB=\skip74
\mhchem@smallbondwidth=\skip75
\mhchem@bondtmp@minussidebearingleft=\skip76
\mhchem@bondtmp@minussidebearingright=\skip77
\l__mhchem_option_version_int=\count356
\mhchem@option@minusmathsidebearingleft=\dimen320
\mhchem@option@minusmathsidebearingright=\dimen321
\mhchem@option@minustextsidebearingleft=\dimen322
\mhchem@option@minustextsidebearingright=\dimen323
)
LaTeX Font Info:    Trying to load font information for OT1+phv on input line 23.
 (/usr/local/texlive/2024/texmf-dist/tex/latex/psnfss/ot1phv.fd
File: ot1phv.fd 2020/03/25 scalable font definitions for OT1/phv.
) (build/JC_Pres.aux)
\openout1 = `JC_Pres.aux'.

LaTeX Font Info:    Checking defaults for OML/cmm/m/it on input line 23.
LaTeX Font Info:    ... okay on input line 23.
LaTeX Font Info:    Checking defaults for OMS/cmsy/m/n on input line 23.
LaTeX Font Info:    ... okay on input line 23.
LaTeX Font Info:    Checking defaults for OT1/cmr/m/n on input line 23.
LaTeX Font Info:    ... okay on input line 23.
LaTeX Font Info:    Checking defaults for T1/cmr/m/n on input line 23.
LaTeX Font Info:    ... okay on input line 23.
LaTeX Font Info:    Checking defaults for TS1/cmr/m/n on input line 23.
LaTeX Font Info:    ... okay on input line 23.
LaTeX Font Info:    Checking defaults for OMX/cmex/m/n on input line 23.
LaTeX Font Info:    ... okay on input line 23.
LaTeX Font Info:    Checking defaults for U/cmr/m/n on input line 23.
LaTeX Font Info:    ... okay on input line 23.
LaTeX Font Info:    Checking defaults for PD1/pdf/m/n on input line 23.
LaTeX Font Info:    ... okay on input line 23.
LaTeX Font Info:    Checking defaults for PU/pdf/m/n on input line 23.
LaTeX Font Info:    ... okay on input line 23.

*geometry* driver: auto-detecting
*geometry* detected driver: pdftex
*geometry* verbose mode - [ preamble ] result:
* driver: pdftex
* paper: custom
* layout: <same size as paper>
* layoutoffset:(h,v)=(0.0pt,0.0pt)
* modes: includehead includefoot 
* h-part:(L,W,R)=(28.45274pt, 398.3386pt, 28.45274pt)
* v-part:(T,H,B)=(0.0pt, 256.0748pt, 0.0pt)
* \paperwidth=455.24408pt
* \paperheight=256.0748pt
* \textwidth=398.3386pt
* \textheight=227.62207pt
* \oddsidemargin=-43.81725pt
* \evensidemargin=-43.81725pt
* \topmargin=-72.26999pt
* \headheight=14.22636pt
* \headsep=0.0pt
* \topskip=11.0pt
* \footskip=14.22636pt
* \marginparwidth=4.0pt
* \marginparsep=10.0pt
* \columnsep=10.0pt
* \skip\footins=10.0pt plus 4.0pt minus 2.0pt
* \hoffset=0.0pt
* \voffset=0.0pt
* \mag=1000
* \@twocolumnfalse
* \@twosidefalse
* \@mparswitchfalse
* \@reversemarginfalse
* (1in=72.27pt=25.4mm, 1cm=28.453pt)

(/usr/local/texlive/2024/texmf-dist/tex/context/base/mkii/supp-pdf.mkii
[Loading MPS to PDF converter (version 2006.09.02).]
\scratchcounter=\count357
\scratchdimen=\dimen324
\scratchbox=\box83
\nofMPsegments=\count358
\nofMParguments=\count359
\everyMPshowfont=\toks50
\MPscratchCnt=\count360
\MPscratchDim=\dimen325
\MPnumerator=\count361
\makeMPintoPDFobject=\count362
\everyMPtoPDFconversion=\toks51
) (/usr/local/texlive/2024/texmf-dist/tex/latex/epstopdf-pkg/epstopdf-base.sty
Package: epstopdf-base 2020-01-24 v2.11 Base part for package epstopdf
Package epstopdf-base Info: Redefining graphics rule for `.eps' on input line 485.
 (/usr/local/texlive/2024/texmf-dist/tex/latex/latexconfig/epstopdf-sys.cfg
File: epstopdf-sys.cfg 2010/07/13 v1.3 Configuration of (r)epstopdf for TeX Live
))
Package hyperref Info: Link coloring OFF on input line 23.
 (build/JC_Pres.out) (build/JC_Pres.out)
\@outlinefile=\write5
\openout5 = `JC_Pres.out'.

LaTeX Font Info:    Overwriting symbol font `operators' in version `normal'
(Font)                  OT1/cmr/m/n --> OT1/cmss/m/n on input line 23.
LaTeX Font Info:    Overwriting symbol font `operators' in version `bold'
(Font)                  OT1/cmr/bx/n --> OT1/cmss/b/n on input line 23.
\symnumbers=\mathgroup6
\sympureletters=\mathgroup7
LaTeX Font Info:    Overwriting math alphabet `\mathrm' in version `normal'
(Font)                  OT1/cmss/m/n --> OT1/cmr/m/n on input line 23.
LaTeX Font Info:    Redeclaring math alphabet \mathbf on input line 23.
LaTeX Font Info:    Overwriting math alphabet `\mathbf' in version `normal'
(Font)                  OT1/cmr/bx/n --> OT1/phv/b/n on input line 23.
LaTeX Font Info:    Overwriting math alphabet `\mathbf' in version `bold'
(Font)                  OT1/cmr/bx/n --> OT1/phv/b/n on input line 23.
LaTeX Font Info:    Redeclaring math alphabet \mathsf on input line 23.
LaTeX Font Info:    Overwriting math alphabet `\mathsf' in version `normal'
(Font)                  OT1/cmss/m/n --> OT1/phv/m/n on input line 23.
LaTeX Font Info:    Overwriting math alphabet `\mathsf' in version `bold'
(Font)                  OT1/cmss/bx/n --> OT1/phv/m/n on input line 23.
LaTeX Font Info:    Redeclaring math alphabet \mathit on input line 23.
LaTeX Font Info:    Overwriting math alphabet `\mathit' in version `normal'
(Font)                  OT1/cmr/m/it --> OT1/phv/m/it on input line 23.
LaTeX Font Info:    Overwriting math alphabet `\mathit' in version `bold'
(Font)                  OT1/cmr/bx/it --> OT1/phv/m/it on input line 23.
LaTeX Font Info:    Redeclaring math alphabet \mathtt on input line 23.
LaTeX Font Info:    Overwriting math alphabet `\mathtt' in version `normal'
(Font)                  OT1/cmtt/m/n --> OT1/cmtt/m/n on input line 23.
LaTeX Font Info:    Overwriting math alphabet `\mathtt' in version `bold'
(Font)                  OT1/cmtt/m/n --> OT1/cmtt/m/n on input line 23.
LaTeX Font Info:    Overwriting symbol font `numbers' in version `bold'
(Font)                  OT1/phv/m/n --> OT1/phv/b/n on input line 23.
LaTeX Font Info:    Overwriting symbol font `pureletters' in version `bold'
(Font)                  OT1/phv/m/it --> OT1/phv/b/it on input line 23.
LaTeX Font Info:    Overwriting math alphabet `\mathrm' in version `bold'
(Font)                  OT1/cmss/b/n --> OT1/cmr/b/n on input line 23.
LaTeX Font Info:    Overwriting math alphabet `\mathbf' in version `bold'
(Font)                  OT1/phv/b/n --> OT1/phv/b/n on input line 23.
LaTeX Font Info:    Overwriting math alphabet `\mathsf' in version `bold'
(Font)                  OT1/phv/m/n --> OT1/phv/b/n on input line 23.
LaTeX Font Info:    Overwriting math alphabet `\mathit' in version `bold'
(Font)                  OT1/phv/m/it --> OT1/phv/b/it on input line 23.
LaTeX Font Info:    Overwriting math alphabet `\mathtt' in version `bold'
(Font)                  OT1/cmtt/m/n --> OT1/cmtt/b/n on input line 23.
 (/usr/local/texlive/2024/texmf-dist/tex/latex/translator/translator-basic-dictionary-English.dict
Dictionary: translator-basic-dictionary, Language: English 
) (/usr/local/texlive/2024/texmf-dist/tex/latex/translator/translator-bibliography-dictionary-English.dict
Dictionary: translator-bibliography-dictionary, Language: English 
) (/usr/local/texlive/2024/texmf-dist/tex/latex/translator/translator-environment-dictionary-English.dict
Dictionary: translator-environment-dictionary, Language: English 
) (/usr/local/texlive/2024/texmf-dist/tex/latex/translator/translator-months-dictionary-English.dict
Dictionary: translator-months-dictionary, Language: English 
) (/usr/local/texlive/2024/texmf-dist/tex/latex/translator/translator-numbers-dictionary-English.dict
Dictionary: translator-numbers-dictionary, Language: English 
) (/usr/local/texlive/2024/texmf-dist/tex/latex/translator/translator-theorem-dictionary-English.dict
Dictionary: translator-theorem-dictionary, Language: English 
)

Package tikz-feynman Warning: LuaTeX is required if you wish to have vertices automatically placed. You can disable this warning by setting /tikzfeynman/warn luatex=false on input line 23.


Package chemgreek Info: Activating mapping `default' on line 23.

(build/JC_Pres.nav)
<images/unsw-landscape.png, id=37, 248.93pt x 107.40125pt>
File: images/unsw-landscape.png Graphic file (type png)
<use images/unsw-landscape.png>
Package pdftex.def Info: images/unsw-landscape.png  used on input line 23.
(pdftex.def)             Requested size: 26.37581pt x 11.38092pt.
File: images/unsw-landscape.png Graphic file (type png)
<use images/unsw-landscape.png>
Package pdftex.def Info: images/unsw-landscape.png  used on input line 27.
(pdftex.def)             Requested size: 26.37581pt x 11.38092pt.
<images/unsw-portrait.png, id=39, 147.6717pt x 154.176pt>
File: images/unsw-portrait.png Graphic file (type png)
<use images/unsw-portrait.png>
Package pdftex.def Info: images/unsw-portrait.png  used on input line 27.
(pdftex.def)             Requested size: 54.50473pt x 56.9055pt.
LaTeX Font Info:    Trying to load font information for U+msa on input line 27.
 (/usr/local/texlive/2024/texmf-dist/tex/latex/amsfonts/umsa.fd
File: umsa.fd 2013/01/14 v3.01 AMS symbols A
)
LaTeX Font Info:    Trying to load font information for U+msb on input line 27.
 (/usr/local/texlive/2024/texmf-dist/tex/latex/amsfonts/umsb.fd
File: umsb.fd 2013/01/14 v3.01 AMS symbols B
)
LaTeX Font Info:    Font shape `OT1/phv/m/it' in size <10.95> not available
(Font)              Font shape `OT1/phv/m/sl' tried instead on input line 27.
LaTeX Font Info:    Font shape `OT1/phv/m/it' in size <8> not available
(Font)              Font shape `OT1/phv/m/sl' tried instead on input line 27.
LaTeX Font Info:    Font shape `OT1/phv/m/it' in size <6> not available
(Font)              Font shape `OT1/phv/m/sl' tried instead on input line 27.
 [1

{/usr/local/texlive/2024/texmf-var/fonts/map/pdftex/updmap/pdftex.map}{/usr/local/texlive/2024/texmf-dist/fonts/enc/dvips/base/8r.enc} <./images/unsw-portrait.png>]
File: images/unsw-landscape.png Graphic file (type png)
<use images/unsw-landscape.png>
Package pdftex.def Info: images/unsw-landscape.png  used on input line 31.
(pdftex.def)             Requested size: 26.37581pt x 11.38092pt.
 (build/JC_Pres.toc)
File: images/unsw-landscape.png Graphic file (type png)
<use images/unsw-landscape.png>
Package pdftex.def Info: images/unsw-landscape.png  used on input line 31.
(pdftex.def)             Requested size: 26.37581pt x 11.38092pt.
 [2

 <./images/unsw-landscape.png>]
File: images/unsw-landscape.png Graphic file (type png)
<use images/unsw-landscape.png>
Package pdftex.def Info: images/unsw-landscape.png  used on input line 35.
(pdftex.def)             Requested size: 26.37581pt x 11.38092pt.
File: images/unsw-landscape.png Graphic file (type png)
<use images/unsw-landscape.png>
Package pdftex.def Info: images/unsw-landscape.png  used on input line 35.
(pdftex.def)             Requested size: 26.37581pt x 11.38092pt.
 [3

]
File: images/unsw-landscape.png Graphic file (type png)
<use images/unsw-landscape.png>
Package pdftex.def Info: images/unsw-landscape.png  used on input line 45.
(pdftex.def)             Requested size: 26.37581pt x 11.38092pt.
<images/starlifecycle.png, id=75, 1321.93875pt x 838.13126pt>
File: images/starlifecycle.png Graphic file (type png)
<use images/starlifecycle.png>
Package pdftex.def Info: images/starlifecycle.png  used on input line 45.
(pdftex.def)             Requested size: 239.00558pt x 151.53493pt.
LaTeX Font Info:    Font shape `OT1/phv/m/it' in size <10> not available
(Font)              Font shape `OT1/phv/m/sl' tried instead on input line 45.
LaTeX Font Info:    Font shape `OT1/phv/m/it' in size <7> not available
(Font)              Font shape `OT1/phv/m/sl' tried instead on input line 45.
LaTeX Font Info:    Font shape `OT1/phv/m/it' in size <5> not available
(Font)              Font shape `OT1/phv/m/sl' tried instead on input line 45.
File: images/unsw-landscape.png Graphic file (type png)
<use images/unsw-landscape.png>
Package pdftex.def Info: images/unsw-landscape.png  used on input line 45.
(pdftex.def)             Requested size: 26.37581pt x 11.38092pt.
 [4

 <./images/starlifecycle.png>]
File: images/unsw-landscape.png Graphic file (type png)
<use images/unsw-landscape.png>
Package pdftex.def Info: images/unsw-landscape.png  used on input line 53.
(pdftex.def)             Requested size: 26.37581pt x 11.38092pt.
File: images/unsw-landscape.png Graphic file (type png)
<use images/unsw-landscape.png>
Package pdftex.def Info: images/unsw-landscape.png  used on input line 53.
(pdftex.def)             Requested size: 26.37581pt x 11.38092pt.
 [5

]
File: images/unsw-landscape.png Graphic file (type png)
<use images/unsw-landscape.png>
Package pdftex.def Info: images/unsw-landscape.png  used on input line 80.
(pdftex.def)             Requested size: 26.37581pt x 11.38092pt.


Package tikz-feynman Warning: The key you tried to use '/graph drawing/node distance' requires LuaTeX. It will be ignored. on input line 80.


Package tikz-feynman Warning: The key you tried to use '/graph drawing/level distance' requires LuaTeX. It will be ignored. on input line 80.


Package tikz-feynman Warning: The key you tried to use '/graph drawing/sibling distance' requires LuaTeX. It will be ignored. on input line 80.


Package tikz-feynman Warning: The key you tried to use '/graph drawing/node distance' requires LuaTeX. It will be ignored. on input line 80.


Package tikz-feynman Warning: The key you tried to use '/graph drawing/level distance' requires LuaTeX. It will be ignored. on input line 80.


Package tikz-feynman Warning: The key you tried to use '/graph drawing/sibling distance' requires LuaTeX. It will be ignored. on input line 80.

File: images/unsw-landscape.png Graphic file (type png)
<use images/unsw-landscape.png>
Package pdftex.def Info: images/unsw-landscape.png  used on input line 80.
(pdftex.def)             Requested size: 26.37581pt x 11.38092pt.
[6

]
File: images/unsw-landscape.png Graphic file (type png)
<use images/unsw-landscape.png>
Package pdftex.def Info: images/unsw-landscape.png  used on input line 88.
(pdftex.def)             Requested size: 26.37581pt x 11.38092pt.
<images/SNEvolution.png, id=99, 1053.9375pt x 825.0825pt>
File: images/SNEvolution.png Graphic file (type png)
<use images/SNEvolution.png>
Package pdftex.def Info: images/SNEvolution.png  used on input line 88.
(pdftex.def)             Requested size: 199.1693pt x 155.9112pt.
File: images/unsw-landscape.png Graphic file (type png)
<use images/unsw-landscape.png>
Package pdftex.def Info: images/unsw-landscape.png  used on input line 88.
(pdftex.def)             Requested size: 26.37581pt x 11.38092pt.
 [7

 <./images/SNEvolution.png>]
File: images/unsw-landscape.png Graphic file (type png)
<use images/unsw-landscape.png>
Package pdftex.def Info: images/unsw-landscape.png  used on input line 107.
(pdftex.def)             Requested size: 26.37581pt x 11.38092pt.
<images/BHGap.png, id=106, 1056.94875pt x 779.91376pt>
File: images/BHGap.png Graphic file (type png)
<use images/BHGap.png>
Package pdftex.def Info: images/BHGap.png  used on input line 107.
(pdftex.def)             Requested size: 191.20518pt x 141.08055pt.

Overfull \vbox (3.35617pt too high) detected at line 107
 []

File: images/unsw-landscape.png Graphic file (type png)
<use images/unsw-landscape.png>
Package pdftex.def Info: images/unsw-landscape.png  used on input line 107.
(pdftex.def)             Requested size: 26.37581pt x 11.38092pt.
[8

 <./images/BHGap.png>]
File: images/unsw-landscape.png Graphic file (type png)
<use images/unsw-landscape.png>
Package pdftex.def Info: images/unsw-landscape.png  used on input line 122.
(pdftex.def)             Requested size: 26.37581pt x 11.38092pt.
File: images/unsw-landscape.png Graphic file (type png)
<use images/unsw-landscape.png>
Package pdftex.def Info: images/unsw-landscape.png  used on input line 122.
(pdftex.def)             Requested size: 26.37581pt x 11.38092pt.
 [9

]
File: images/unsw-landscape.png Graphic file (type png)
<use images/unsw-landscape.png>
Package pdftex.def Info: images/unsw-landscape.png  used on input line 130.
(pdftex.def)             Requested size: 26.37581pt x 11.38092pt.
<images/binary.png, id=117, 771.88374pt x 433.62pt>
File: images/binary.png Graphic file (type png)
<use images/binary.png>
Package pdftex.def Info: images/binary.png  used on input line 130.
(pdftex.def)             Requested size: 278.83578pt x 156.639pt.
File: images/unsw-landscape.png Graphic file (type png)
<use images/unsw-landscape.png>
Package pdftex.def Info: images/unsw-landscape.png  used on input line 130.
(pdftex.def)             Requested size: 26.37581pt x 11.38092pt.
 [10

 <./images/binary.png>]
File: images/unsw-landscape.png Graphic file (type png)
<use images/unsw-landscape.png>
Package pdftex.def Info: images/unsw-landscape.png  used on input line 154.
(pdftex.def)             Requested size: 26.37581pt x 11.38092pt.
<images/interferometer.png, id=124, 963.6pt x 722.7pt>
File: images/interferometer.png Graphic file (type png)
<use images/interferometer.png>
Package pdftex.def Info: images/interferometer.png  used on input line 154.
(pdftex.def)             Requested size: 127.46687pt x 95.59738pt.
File: images/unsw-landscape.png Graphic file (type png)
<use images/unsw-landscape.png>
Package pdftex.def Info: images/unsw-landscape.png  used on input line 154.
(pdftex.def)             Requested size: 26.37581pt x 11.38092pt.
 [11

 <./images/interferometer.png>]
File: images/unsw-landscape.png Graphic file (type png)
<use images/unsw-landscape.png>
Package pdftex.def Info: images/unsw-landscape.png  used on input line 163.
(pdftex.def)             Requested size: 26.37581pt x 11.38092pt.
File: images/unsw-landscape.png Graphic file (type png)
<use images/unsw-landscape.png>
Package pdftex.def Info: images/unsw-landscape.png  used on input line 163.
(pdftex.def)             Requested size: 26.37581pt x 11.38092pt.
 [12

]
File: images/unsw-landscape.png Graphic file (type png)
<use images/unsw-landscape.png>
Package pdftex.def Info: images/unsw-landscape.png  used on input line 182.
(pdftex.def)             Requested size: 26.37581pt x 11.38092pt.
<images/ligo.jpg, id=135, 812.928pt x 542.025pt>
File: images/ligo.jpg Graphic file (type jpg)
<use images/ligo.jpg>
Package pdftex.def Info: images/ligo.jpg  used on input line 182.
(pdftex.def)             Requested size: 199.1693pt x 132.79314pt.
<images/kagra.jpg, id=136, 903.375pt x 903.375pt>
File: images/kagra.jpg Graphic file (type jpg)
<use images/kagra.jpg>
Package pdftex.def Info: images/kagra.jpg  used on input line 182.
(pdftex.def)             Requested size: 159.33604pt x 159.33359pt.

Overfull \vbox (9.6092pt too high) detected at line 182
 []

File: images/unsw-landscape.png Graphic file (type png)
<use images/unsw-landscape.png>
Package pdftex.def Info: images/unsw-landscape.png  used on input line 182.
(pdftex.def)             Requested size: 26.37581pt x 11.38092pt.
[13

 <./images/ligo.jpg> <./images/kagra.jpg>]
File: images/unsw-landscape.png Graphic file (type png)
<use images/unsw-landscape.png>
Package pdftex.def Info: images/unsw-landscape.png  used on input line 199.
(pdftex.def)             Requested size: 26.37581pt x 11.38092pt.

Underfull \hbox (badness 10000) in paragraph at lines 199--199
[]\OT1/phv/m/n/10.95 Progressively im-proved mea-sure-
 []


Overfull \hbox (7.11374pt too wide) in paragraph at lines 199--199
 [] 
 []

File: images/unsw-landscape.png Graphic file (type png)
<use images/unsw-landscape.png>
Package pdftex.def Info: images/unsw-landscape.png  used on input line 199.
(pdftex.def)             Requested size: 26.37581pt x 11.38092pt.
[14

]
File: images/unsw-landscape.png Graphic file (type png)
<use images/unsw-landscape.png>
Package pdftex.def Info: images/unsw-landscape.png  used on input line 213.
(pdftex.def)             Requested size: 26.37581pt x 11.38092pt.
File: images/unsw-landscape.png Graphic file (type png)
<use images/unsw-landscape.png>
Package pdftex.def Info: images/unsw-landscape.png  used on input line 213.
(pdftex.def)             Requested size: 26.37581pt x 11.38092pt.
 [15

]
File: images/unsw-landscape.png Graphic file (type png)
<use images/unsw-landscape.png>
Package pdftex.def Info: images/unsw-landscape.png  used on input line 236.
(pdftex.def)             Requested size: 26.37581pt x 11.38092pt.
File: images/unsw-landscape.png Graphic file (type png)
<use images/unsw-landscape.png>
Package pdftex.def Info: images/unsw-landscape.png  used on input line 236.
(pdftex.def)             Requested size: 26.37581pt x 11.38092pt.
 [16

]
File: images/unsw-landscape.png Graphic file (type png)
<use images/unsw-landscape.png>
Package pdftex.def Info: images/unsw-landscape.png  used on input line 258.
(pdftex.def)             Requested size: 26.37581pt x 11.38092pt.
<images/Tong/ExtFig4.png, id=159, 739.76375pt x 675.52374pt>
File: images/Tong/ExtFig4.png Graphic file (type png)
<use images/Tong/ExtFig4.png>
Package pdftex.def Info: images/Tong/ExtFig4.png  used on input line 258.
(pdftex.def)             Requested size: 199.1693pt x 181.86815pt.

Overfull \vbox (21.74377pt too high) detected at line 258
 []

File: images/unsw-landscape.png Graphic file (type png)
<use images/unsw-landscape.png>
Package pdftex.def Info: images/unsw-landscape.png  used on input line 258.
(pdftex.def)             Requested size: 26.37581pt x 11.38092pt.
[17

 <./images/Tong/ExtFig4.png>]
File: images/unsw-landscape.png Graphic file (type png)
<use images/unsw-landscape.png>
Package pdftex.def Info: images/unsw-landscape.png  used on input line 279.
(pdftex.def)             Requested size: 26.37581pt x 11.38092pt.
<images/Tong/Fig1.png, id=167, 855.195pt x 719.68875pt>
File: images/Tong/Fig1.png Graphic file (type png)
<use images/Tong/Fig1.png>
Package pdftex.def Info: images/Tong/Fig1.png  used on input line 279.
(pdftex.def)             Requested size: 199.1693pt x 167.61142pt.
<images/Antonini/Fig1.png, id=168, 963.6pt x 694.595pt>
File: images/Antonini/Fig1.png Graphic file (type png)
<use images/Antonini/Fig1.png>
Package pdftex.def Info: images/Antonini/Fig1.png  used on input line 279.
(pdftex.def)             Requested size: 199.1693pt x 143.55875pt.

Overfull \vbox (7.48705pt too high) detected at line 279
 []

File: images/unsw-landscape.png Graphic file (type png)
<use images/unsw-landscape.png>
Package pdftex.def Info: images/unsw-landscape.png  used on input line 279.
(pdftex.def)             Requested size: 26.37581pt x 11.38092pt.
[18

 <./images/Tong/Fig1.png> <./images/Antonini/Fig1.png>]
File: images/unsw-landscape.png Graphic file (type png)
<use images/unsw-landscape.png>
Package pdftex.def Info: images/unsw-landscape.png  used on input line 309.
(pdftex.def)             Requested size: 26.37581pt x 11.38092pt.
<images/Parameter Estimation.png, id=179, 1021.8175pt x 832.10875pt>
File: images/Parameter Estimation.png Graphic file (type png)
<use images/Parameter Estimation.png>
Package pdftex.def Info: images/Parameter Estimation.png  used on input line 309.
(pdftex.def)             Requested size: 199.1693pt x 162.19072pt.

Overfull \vbox (12.46634pt too high) detected at line 309
 []

File: images/unsw-landscape.png Graphic file (type png)
<use images/unsw-landscape.png>
Package pdftex.def Info: images/unsw-landscape.png  used on input line 309.
(pdftex.def)             Requested size: 26.37581pt x 11.38092pt.
[19

 <./images/Parameter Estimation.png>]
File: images/unsw-landscape.png Graphic file (type png)
<use images/unsw-landscape.png>
Package pdftex.def Info: images/unsw-landscape.png  used on input line 321.
(pdftex.def)             Requested size: 26.37581pt x 11.38092pt.
File: images/unsw-landscape.png Graphic file (type png)
<use images/unsw-landscape.png>
Package pdftex.def Info: images/unsw-landscape.png  used on input line 321.
(pdftex.def)             Requested size: 26.37581pt x 11.38092pt.
 [20

]
File: images/unsw-landscape.png Graphic file (type png)
<use images/unsw-landscape.png>
Package pdftex.def Info: images/unsw-landscape.png  used on input line 341.
(pdftex.def)             Requested size: 26.37581pt x 11.38092pt.
<images/Tong/ExtFig5.png, id=195, 878.28125pt x 869.2475pt>
File: images/Tong/ExtFig5.png Graphic file (type png)
<use images/Tong/ExtFig5.png>
Package pdftex.def Info: images/Tong/ExtFig5.png  used on input line 341.
(pdftex.def)             Requested size: 159.33604pt x 157.69131pt.
File: images/unsw-landscape.png Graphic file (type png)
<use images/unsw-landscape.png>
Package pdftex.def Info: images/unsw-landscape.png  used on input line 341.
(pdftex.def)             Requested size: 26.37581pt x 11.38092pt.
 [21

 <./images/Tong/ExtFig5.png>]
File: images/unsw-landscape.png Graphic file (type png)
<use images/unsw-landscape.png>
Package pdftex.def Info: images/unsw-landscape.png  used on input line 361.
(pdftex.def)             Requested size: 26.37581pt x 11.38092pt.
<images/Tong/Fig2.png, id=203, 1022.82124pt x 668.4975pt>
File: images/Tong/Fig2.png Graphic file (type png)
<use images/Tong/Fig2.png>
Package pdftex.def Info: images/Tong/Fig2.png  used on input line 361.
(pdftex.def)             Requested size: 199.1693pt x 130.16777pt.
File: images/unsw-landscape.png Graphic file (type png)
<use images/unsw-landscape.png>
Package pdftex.def Info: images/unsw-landscape.png  used on input line 361.
(pdftex.def)             Requested size: 26.37581pt x 11.38092pt.
 [22

 <./images/Tong/Fig2.png>]
File: images/unsw-landscape.png Graphic file (type png)
<use images/unsw-landscape.png>
Package pdftex.def Info: images/unsw-landscape.png  used on input line 381.
(pdftex.def)             Requested size: 26.37581pt x 11.38092pt.
<images/Tong/ExtFig2.png, id=211, 762.85pt x 532.99126pt>
File: images/Tong/ExtFig2.png Graphic file (type png)
<use images/Tong/ExtFig2.png>
Package pdftex.def Info: images/Tong/ExtFig2.png  used on input line 381.
(pdftex.def)             Requested size: 199.1693pt x 139.15189pt.
File: images/unsw-landscape.png Graphic file (type png)
<use images/unsw-landscape.png>
Package pdftex.def Info: images/unsw-landscape.png  used on input line 381.
(pdftex.def)             Requested size: 26.37581pt x 11.38092pt.
 [23

 <./images/Tong/ExtFig2.png>]
File: images/unsw-landscape.png Graphic file (type png)
<use images/unsw-landscape.png>
Package pdftex.def Info: images/unsw-landscape.png  used on input line 401.
(pdftex.def)             Requested size: 26.37581pt x 11.38092pt.
<images/Tong/ExtFig7.png, id=219, 639.38875pt x 419.5675pt>
File: images/Tong/ExtFig7.png Graphic file (type png)
<use images/Tong/ExtFig7.png>
Package pdftex.def Info: images/Tong/ExtFig7.png  used on input line 401.
(pdftex.def)             Requested size: 199.1693pt x 130.69197pt.
File: images/unsw-landscape.png Graphic file (type png)
<use images/unsw-landscape.png>
Package pdftex.def Info: images/unsw-landscape.png  used on input line 401.
(pdftex.def)             Requested size: 26.37581pt x 11.38092pt.
 [24

 <./images/Tong/ExtFig7.png>]
File: images/unsw-landscape.png Graphic file (type png)
<use images/unsw-landscape.png>
Package pdftex.def Info: images/unsw-landscape.png  used on input line 422.
(pdftex.def)             Requested size: 26.37581pt x 11.38092pt.
<images/Antonini/Fig2.png, id=227, 1118.1775pt x 747.79375pt>
File: images/Antonini/Fig2.png Graphic file (type png)
<use images/Antonini/Fig2.png>
Package pdftex.def Info: images/Antonini/Fig2.png  used on input line 422.
(pdftex.def)             Requested size: 199.1693pt x 133.19359pt.
File: images/unsw-landscape.png Graphic file (type png)
<use images/unsw-landscape.png>
Package pdftex.def Info: images/unsw-landscape.png  used on input line 422.
(pdftex.def)             Requested size: 26.37581pt x 11.38092pt.
 [25

 <./images/Antonini/Fig2.png>]
File: images/unsw-landscape.png Graphic file (type png)
<use images/unsw-landscape.png>
Package pdftex.def Info: images/unsw-landscape.png  used on input line 443.
(pdftex.def)             Requested size: 26.37581pt x 11.38092pt.
<images/Antonini/Fig4.png, id=236, 671.50874pt x 718.685pt>
File: images/Antonini/Fig4.png Graphic file (type png)
<use images/Antonini/Fig4.png>
Package pdftex.def Info: images/Antonini/Fig4.png  used on input line 443.
(pdftex.def)             Requested size: 139.4179pt x 149.2066pt.
File: images/unsw-landscape.png Graphic file (type png)
<use images/unsw-landscape.png>
Package pdftex.def Info: images/unsw-landscape.png  used on input line 443.
(pdftex.def)             Requested size: 26.37581pt x 11.38092pt.
 [26

 <./images/Antonini/Fig4.png>]
File: images/unsw-landscape.png Graphic file (type png)
<use images/unsw-landscape.png>
Package pdftex.def Info: images/unsw-landscape.png  used on input line 451.
(pdftex.def)             Requested size: 26.37581pt x 11.38092pt.
File: images/unsw-landscape.png Graphic file (type png)
<use images/unsw-landscape.png>
Package pdftex.def Info: images/unsw-landscape.png  used on input line 451.
(pdftex.def)             Requested size: 26.37581pt x 11.38092pt.
 [27

]
File: images/unsw-landscape.png Graphic file (type png)
<use images/unsw-landscape.png>
Package pdftex.def Info: images/unsw-landscape.png  used on input line 460.
(pdftex.def)             Requested size: 26.37581pt x 11.38092pt.
File: images/unsw-landscape.png Graphic file (type png)
<use images/unsw-landscape.png>
Package pdftex.def Info: images/unsw-landscape.png  used on input line 460.
(pdftex.def)             Requested size: 26.37581pt x 11.38092pt.
 [28

]
File: images/unsw-landscape.png Graphic file (type png)
<use images/unsw-landscape.png>
Package pdftex.def Info: images/unsw-landscape.png  used on input line 479.
(pdftex.def)             Requested size: 26.37581pt x 11.38092pt.
File: images/unsw-landscape.png Graphic file (type png)
<use images/unsw-landscape.png>
Package pdftex.def Info: images/unsw-landscape.png  used on input line 479.
(pdftex.def)             Requested size: 26.37581pt x 11.38092pt.
 [29

]
File: images/unsw-landscape.png Graphic file (type png)
<use images/unsw-landscape.png>
Package pdftex.def Info: images/unsw-landscape.png  used on input line 493.
(pdftex.def)             Requested size: 26.37581pt x 11.38092pt.
File: images/unsw-landscape.png Graphic file (type png)
<use images/unsw-landscape.png>
Package pdftex.def Info: images/unsw-landscape.png  used on input line 493.
(pdftex.def)             Requested size: 26.37581pt x 11.38092pt.
 [30

]
File: images/unsw-landscape.png Graphic file (type png)
<use images/unsw-landscape.png>
Package pdftex.def Info: images/unsw-landscape.png  used on input line 496.
(pdftex.def)             Requested size: 26.37581pt x 11.38092pt.
File: images/unsw-landscape.png Graphic file (type png)
<use images/unsw-landscape.png>
Package pdftex.def Info: images/unsw-landscape.png  used on input line 496.
(pdftex.def)             Requested size: 26.37581pt x 11.38092pt.
 [31

]
File: images/unsw-landscape.png Graphic file (type png)
<use images/unsw-landscape.png>
Package pdftex.def Info: images/unsw-landscape.png  used on input line 506.
(pdftex.def)             Requested size: 26.37581pt x 11.38092pt.
File: images/unsw-landscape.png Graphic file (type png)
<use images/unsw-landscape.png>
Package pdftex.def Info: images/unsw-landscape.png  used on input line 506.
(pdftex.def)             Requested size: 26.37581pt x 11.38092pt.
 [32

]
File: images/unsw-landscape.png Graphic file (type png)
<use images/unsw-landscape.png>
Package pdftex.def Info: images/unsw-landscape.png  used on input line 520.
(pdftex.def)             Requested size: 26.37581pt x 11.38092pt.
File: images/unsw-landscape.png Graphic file (type png)
<use images/unsw-landscape.png>
Package pdftex.def Info: images/unsw-landscape.png  used on input line 520.
(pdftex.def)             Requested size: 26.37581pt x 11.38092pt.
 [33

]
\tf@nav=\write6
\openout6 = `JC_Pres.nav'.

\tf@toc=\write7
\openout7 = `JC_Pres.toc'.

\tf@snm=\write8
\openout8 = `JC_Pres.snm'.

 (build/JC_Pres.aux)
 ***********
LaTeX2e <2023-11-01> patch level 1
L3 programming layer <2024-02-20>
 ***********
Package rerunfilecheck Info: File `JC_Pres.out' has not changed.
(rerunfilecheck)             Checksum: A88B54719FA1C8033AC22EF5AFA25D64;975.
 ) 
Here is how much of TeX's memory you used:
 29028 strings out of 474116
 610038 string characters out of 5743682
 1940187 words of memory out of 5000000
 50704 multiletter control sequences out of 15000+600000
 589939 words of font info for 98 fonts, out of 8000000 for 9000
 1141 hyphenation exceptions out of 8191
 128i,16n,123p,451b,1875s stack positions out of 10000i,1000n,20000p,200000b,200000s
</usr/local/texlive/2024/texmf-dist/fonts/type1/public/amsfonts/cm/cmex10.pfb></usr/local/texlive/2024/texmf-dist/fonts/type1/public/amsfonts/cm/cmmi10.pfb></usr/local/texlive/2024/texmf-dist/fonts/type1/public/amsfonts/cm/cmmi8.pfb></usr/local/texlive/2024/texmf-dist/fonts/type1/public/amsfonts/cm/cmr10.pfb></usr/local/texlive/2024/texmf-dist/fonts/type1/public/amsfonts/cm/cmr8.pfb></usr/local/texlive/2024/texmf-dist/fonts/type1/public/amsfonts/cm/cmss10.pfb></usr/local/texlive/2024/texmf-dist/fonts/type1/public/amsfonts/cm/cmss8.pfb></usr/local/texlive/2024/texmf-dist/fonts/type1/public/amsfonts/cm/cmsy10.pfb></usr/local/texlive/2024/texmf-dist/fonts/type1/public/amsfonts/cm/cmsy7.pfb></usr/local/texlive/2024/texmf-dist/fonts/type1/public/amsfonts/cm/cmsy8.pfb></usr/local/texlive/2024/texmf-dist/fonts/type1/urw/helvetic/uhvb8a.pfb></usr/local/texlive/2024/texmf-dist/fonts/type1/urw/helvetic/uhvr8a.pfb></usr/local/texlive/2024/texmf-dist/fonts/type1/urw/helvetic/uhvro8a.pfb>
Output written on build/JC_Pres.pdf (33 pages, 12576251 bytes).
PDF statistics:
 357 PDF objects out of 1000 (max. 8388607)
 251 compressed objects within 3 object streams
 85 named destinations out of 1000 (max. 500000)
 198 words of extra memory for PDF output out of 10000 (max. 10000000)

